Arguments: 
  /usr/local/bin/node /usr/local/bin/yarn test

PATH: 
  /Users/koyta/flutter/bin:/usr/local/bin:/usr/bin:/bin:/usr/sbin:/sbin:/Users/koyta/flutter/bin

Yarn version: 
  1.13.0

Node version: 
  10.12.0

Platform: 
  darwin x64

Trace: 
  SyntaxError: /Users/koyta/WebstormProjects/cv-application/packages/app/package.json: Unexpected string in JSON at position 952
      at JSON.parse (<anonymous>)
      at /usr/local/lib/node_modules/yarn/lib/cli.js:1625:59
      at Generator.next (<anonymous>)
      at step (/usr/local/lib/node_modules/yarn/lib/cli.js:304:30)
      at /usr/local/lib/node_modules/yarn/lib/cli.js:315:13

npm manifest: 
  {
    "name": "cv-application",
    "version": "0.1.0",
    "private": true,
    "dependencies": {
      "enzyme": "^3.9.0",
      "enzyme-adapter-react-16": "^1.10.0",
      "enzyme-to-json": "^3.3.5",
      "formik": "^1.5.1",
      "lerna": "^3.6.0",
      "libphonenumber-js": "^1.7.10",
      "react": "^16.8.4",
      "react-dom": "^16.8.4",
      "react-router-dom": "^4.3.1",
      "react-scripts": "2.1.1",
      "react-test-renderer": "^16.8.4",
      "react-testing-library": "^6.0.0",
      "sanitize.css": "^8.0.0",
      "styled-components": "^4.1.3",
      "yup": "^0.26.10"
    },
    "scripts": {
      "build": "react-scripts build",
      "eject": "react-scripts eject",
      "start": "SKIP_PREFLIGHT_CHECK=true react-scripts start",
      "test": "SKIP_PREFLIGHT_CHECK=true react-scripts test --env=jsdom"
    },
    "eslintConfig": {
      "extends": "react-app"
    },
    "jest": {
      "setupFiles": ["./src/setupTests.js"],
      "snapshotSerializers": ["enzyme-to-json/serializer"]
    }
    "browserslist": [
      ">0.2%",
      "not dead",
      "not ie <= 11",
      "not op_mini all"
    ]
  }

yarn manifest: 
  No manifest

Lockfile: 
  No lockfile
